[INFO] Scanning for projects...
[INFO] 
[INFO] --------------------< com.example:hemolink-backend >--------------------
[INFO] Building hemolink-backend 0.0.1-SNAPSHOT
[INFO]   from pom.xml
[INFO] --------------------------------[ jar ]---------------------------------
[INFO] 
[INFO] --- resources:3.3.1:resources (default-resources) @ hemolink-backend ---
[INFO] Copying 1 resource from src\main\resources to target\classes
[INFO] Copying 1 resource from src\main\resources to target\classes
[INFO] 
[INFO] --- compiler:3.14.1:compile (default-compile) @ hemolink-backend ---
[INFO] Recompiling the module because of changed source code.
[INFO] Compiling 69 source files with javac [debug parameters release 17] to target\classes
[WARNING] /C:/Users/Youcode/hemolink-backend/src/main/java/com/example/hemolinkbackend/mapper/RendezVousMapper.java:[15,16] Unmapped target property: "id".
[WARNING] /C:/Users/Youcode/hemolink-backend/src/main/java/com/example/hemolinkbackend/mapper/CommandeSangMapper.java:[14,18] Unmapped target property: "id".
[WARNING] /C:/Users/Youcode/hemolink-backend/src/main/java/com/example/hemolinkbackend/mapper/ElementCommandeMapper.java:[15,21] Unmapped target property: "id".
[WARNING] /C:/Users/Youcode/hemolink-backend/src/main/java/com/example/hemolinkbackend/mapper/HopitalMapper.java:[12,13] Unmapped target property: "id".
[WARNING] /C:/Users/Youcode/hemolink-backend/src/main/java/com/example/hemolinkbackend/mapper/HopitalMapper.java:[14,10] Unmapped target property: "id".
[WARNING] /C:/Users/Youcode/hemolink-backend/src/main/java/com/example/hemolinkbackend/mapper/CentreCollecteMapper.java:[12,20] Unmapped target properties: "id, localisationGps".
[WARNING] /C:/Users/Youcode/hemolink-backend/src/main/java/com/example/hemolinkbackend/mapper/CentreCollecteMapper.java:[14,10] Unmapped target properties: "id, localisationGps".
[WARNING] /C:/Users/Youcode/hemolink-backend/src/main/java/com/example/hemolinkbackend/mapper/UtilisateurMapper.java:[14,17] Unmapped target properties: "id, creeLe".
[WARNING] /C:/Users/Youcode/hemolink-backend/src/main/java/com/example/hemolinkbackend/mapper/StatistiquesStockMapper.java:[12,23] Unmapped target property: "id".
[WARNING] /C:/Users/Youcode/hemolink-backend/src/main/java/com/example/hemolinkbackend/mapper/StatistiquesStockMapper.java:[14,10] Unmapped target property: "id".
[WARNING] /C:/Users/Youcode/hemolink-backend/src/main/java/com/example/hemolinkbackend/mapper/TestLaboMapper.java:[15,14] Unmapped target property: "id".
[WARNING] /C:/Users/Youcode/hemolink-backend/src/main/java/com/example/hemolinkbackend/mapper/DonneurMapper.java:[14,13] Unmapped target property: "id".
[WARNING] /C:/Users/Youcode/hemolink-backend/src/main/java/com/example/hemolinkbackend/mapper/NotificationMapper.java:[14,18] Unmapped target property: "id".
[WARNING] /C:/Users/Youcode/hemolink-backend/src/main/java/com/example/hemolinkbackend/mapper/PocheSangMapper.java:[14,15] Unmapped target property: "id".
[WARNING] /C:/Users/Youcode/hemolink-backend/src/main/java/com/example/hemolinkbackend/mapper/DonMapper.java:[15,9] Unmapped target property: "id".
[INFO] ------------------------------------------------------------------------
[INFO] BUILD SUCCESS
[INFO] ------------------------------------------------------------------------
[INFO] Total time:  7.681 s
[INFO] Finished at: 2026-03-11T13:35:25Z
[INFO] ------------------------------------------------------------------------
